# JRE version: Java(TM) SE Runtime Environment (7.0_79-b15) (build 1.7.0_79-b15)
# Java VM: Java HotSpot(TM) 64-Bit Server VM (24.79-b02 mixed mode linux-amd64 compressed oops)
Heap
 PSYoungGen      total 286208K, used 248037K [0x00000000eaa80000, 0x00000000ff600000, 0x0000000100000000)
  eden space 240128K, 96% used [0x00000000eaa80000,0x00000000f8ca9e08,0x00000000f9500000)
  from space 46080K, 35% used [0x00000000fc900000,0x00000000fd90f7d0,0x00000000ff600000)
  to   space 49664K, 0% used [0x00000000f9500000,0x00000000f9500000,0x00000000fc580000)
 ParOldGen       total 422912K, used 234588K [0x00000000c0000000, 0x00000000d9d00000, 0x00000000eaa80000)
  object space 422912K, 55% used [0x00000000c0000000,0x00000000ce517368,0x00000000d9d00000)
 PSPermGen       total 236032K, used 124600K [0x00000000b0000000, 0x00000000be680000, 0x00000000c0000000)
  object space 236032K, 52% used [0x00000000b0000000,0x00000000b79ae2f8,0x00000000be680000)
GC Heap History (10 events):
Event: 81,097 GC heap before
{Heap before GC invocations=46 (full 2):
 PSYoungGen      total 281600K, used 220891K [0x00000000eaa80000, 0x0000000100000000, 0x0000000100000000)
  eden space 217088K, 100% used [0x00000000eaa80000,0x00000000f7e80000,0x00000000f7e80000)
  from space 64512K, 5% used [0x00000000f7e80000,0x00000000f8236d18,0x00000000fbd80000)
  to   space 63488K, 0% used [0x00000000fc200000,0x00000000fc200000,0x0000000100000000)
 ParOldGen       total 422912K, used 234580K [0x00000000c0000000, 0x00000000d9d00000, 0x00000000eaa80000)
  object space 422912K, 55% used [0x00000000c0000000,0x00000000ce515368,0x00000000d9d00000)
 PSPermGen       total 236032K, used 121011K [0x00000000b0000000, 0x00000000be680000, 0x00000000c0000000)
  object space 236032K, 51% used [0x00000000b0000000,0x00000000b762cf80,0x00000000be680000)
Event: 81,115 GC heap after
Heap after GC invocations=46 (full 2):
 PSYoungGen      total 281088K, used 6395K [0x00000000eaa80000, 0x00000000ffc00000, 0x0000000100000000)
  eden space 221696K, 0% used [0x00000000eaa80000,0x00000000eaa80000,0x00000000f8300000)
  from space 59392K, 10% used [0x00000000fc200000,0x00000000fc83ee18,0x00000000ffc00000)
  to   space 61952K, 0% used [0x00000000f8300000,0x00000000f8300000,0x00000000fbf80000)
 ParOldGen       total 422912K, used 234580K [0x00000000c0000000, 0x00000000d9d00000, 0x00000000eaa80000)
  object space 422912K, 55% used [0x00000000c0000000,0x00000000ce515368,0x00000000d9d00000)
 PSPermGen       total 236032K, used 121011K [0x00000000b0000000, 0x00000000be680000, 0x00000000c0000000)
  object space 236032K, 51% used [0x00000000b0000000,0x00000000b762cf80,0x00000000be680000)
}
Event: 82,425 GC heap before
{Heap before GC invocations=47 (full 2):
 PSYoungGen      total 281088K, used 228091K [0x00000000eaa80000, 0x00000000ffc00000, 0x0000000100000000)
  eden space 221696K, 100% used [0x00000000eaa80000,0x00000000f8300000,0x00000000f8300000)
  from space 59392K, 10% used [0x00000000fc200000,0x00000000fc83ee18,0x00000000ffc00000)
  to   space 61952K, 0% used [0x00000000f8300000,0x00000000f8300000,0x00000000fbf80000)
 ParOldGen       total 422912K, used 234580K [0x00000000c0000000, 0x00000000d9d00000, 0x00000000eaa80000)
  object space 422912K, 55% used [0x00000000c0000000,0x00000000ce515368,0x00000000d9d00000)
 PSPermGen       total 236032K, used 121319K [0x00000000b0000000, 0x00000000be680000, 0x00000000c0000000)
  object space 236032K, 51% used [0x00000000b0000000,0x00000000b7679d30,0x00000000be680000)
Event: 82,455 GC heap after
Heap after GC invocations=47 (full 2):
 PSYoungGen      total 283648K, used 8229K [0x00000000eaa80000, 0x00000000ffd80000, 0x0000000100000000)
  eden space 221696K, 0% used [0x00000000eaa80000,0x00000000eaa80000,0x00000000f8300000)
  from space 61952K, 13% used [0x00000000f8300000,0x00000000f8b09418,0x00000000fbf80000)
  to   space 59392K, 0% used [0x00000000fc380000,0x00000000fc380000,0x00000000ffd80000)
 ParOldGen       total 422912K, used 234580K [0x00000000c0000000, 0x00000000d9d00000, 0x00000000eaa80000)
  object space 422912K, 55% used [0x00000000c0000000,0x00000000ce515368,0x00000000d9d00000)
 PSPermGen       total 236032K, used 121319K [0x00000000b0000000, 0x00000000be680000, 0x00000000c0000000)
  object space 236032K, 51% used [0x00000000b0000000,0x00000000b7679d30,0x00000000be680000)
}
Event: 83,639 GC heap before
{Heap before GC invocations=48 (full 2):
 PSYoungGen      total 283648K, used 229925K [0x00000000eaa80000, 0x00000000ffd80000, 0x0000000100000000)
  eden space 221696K, 100% used [0x00000000eaa80000,0x00000000f8300000,0x00000000f8300000)
  from space 61952K, 13% used [0x00000000f8300000,0x00000000f8b09418,0x00000000fbf80000)
  to   space 59392K, 0% used [0x00000000fc380000,0x00000000fc380000,0x00000000ffd80000)
 ParOldGen       total 422912K, used 234580K [0x00000000c0000000, 0x00000000d9d00000, 0x00000000eaa80000)
  object space 422912K, 55% used [0x00000000c0000000,0x00000000ce515368,0x00000000d9d00000)
 PSPermGen       total 236032K, used 122042K [0x00000000b0000000, 0x00000000be680000, 0x00000000c0000000)
  object space 236032K, 51% used [0x00000000b0000000,0x00000000b772e8f0,0x00000000be680000)
Event: 83,671 GC heap after
Heap after GC invocations=48 (full 2):
 PSYoungGen      total 281600K, used 13019K [0x00000000eaa80000, 0x00000000ff780000, 0x0000000100000000)
  eden space 228352K, 0% used [0x00000000eaa80000,0x00000000eaa80000,0x00000000f8980000)
  from space 53248K, 24% used [0x00000000fc380000,0x00000000fd036c40,0x00000000ff780000)
  to   space 56320K, 0% used [0x00000000f8980000,0x00000000f8980000,0x00000000fc080000)
 ParOldGen       total 422912K, used 234580K [0x00000000c0000000, 0x00000000d9d00000, 0x00000000eaa80000)
  object space 422912K, 55% used [0x00000000c0000000,0x00000000ce515368,0x00000000d9d00000)
 PSPermGen       total 236032K, used 122042K [0x00000000b0000000, 0x00000000be680000, 0x00000000c0000000)
  object space 236032K, 51% used [0x00000000b0000000,0x00000000b772e8f0,0x00000000be680000)
}
Event: 84,576 GC heap before
{Heap before GC invocations=49 (full 2):
 PSYoungGen      total 281600K, used 241371K [0x00000000eaa80000, 0x00000000ff780000, 0x0000000100000000)
  eden space 228352K, 100% used [0x00000000eaa80000,0x00000000f8980000,0x00000000f8980000)
  from space 53248K, 24% used [0x00000000fc380000,0x00000000fd036c40,0x00000000ff780000)
  to   space 56320K, 0% used [0x00000000f8980000,0x00000000f8980000,0x00000000fc080000)
 ParOldGen       total 422912K, used 234580K [0x00000000c0000000, 0x00000000d9d00000, 0x00000000eaa80000)
  object space 422912K, 55% used [0x00000000c0000000,0x00000000ce515368,0x00000000d9d00000)
 PSPermGen       total 236032K, used 122360K [0x00000000b0000000, 0x00000000be680000, 0x00000000c0000000)
  object space 236032K, 51% used [0x00000000b0000000,0x00000000b777e1c8,0x00000000be680000)
Event: 84,610 GC heap after
Heap after GC invocations=49 (full 2):
 PSYoungGen      total 284672K, used 14654K [0x00000000eaa80000, 0x00000000ffd00000, 0x0000000100000000)
  eden space 228352K, 0% used [0x00000000eaa80000,0x00000000eaa80000,0x00000000f8980000)
  from space 56320K, 26% used [0x00000000f8980000,0x00000000f97cfa78,0x00000000fc080000)
  to   space 53248K, 0% used [0x00000000fc900000,0x00000000fc900000,0x00000000ffd00000)
 ParOldGen       total 422912K, used 234580K [0x00000000c0000000, 0x00000000d9d00000, 0x00000000eaa80000)
  object space 422912K, 55% used [0x00000000c0000000,0x00000000ce515368,0x00000000d9d00000)
 PSPermGen       total 236032K, used 122360K [0x00000000b0000000, 0x00000000be680000, 0x00000000c0000000)
  object space 236032K, 51% used [0x00000000b0000000,0x00000000b777e1c8,0x00000000be680000)
}
Event: 86,115 GC heap before
{Heap before GC invocations=50 (full 2):
 PSYoungGen      total 284672K, used 243006K [0x00000000eaa80000, 0x00000000ffd00000, 0x0000000100000000)
  eden space 228352K, 100% used [0x00000000eaa80000,0x00000000f8980000,0x00000000f8980000)
  from space 56320K, 26% used [0x00000000f8980000,0x00000000f97cfa78,0x00000000fc080000)
  to   space 53248K, 0% used [0x00000000fc900000,0x00000000fc900000,0x00000000ffd00000)
 ParOldGen       total 422912K, used 234580K [0x00000000c0000000, 0x00000000d9d00000, 0x00000000eaa80000)
  object space 422912K, 55% used [0x00000000c0000000,0x00000000ce515368,0x00000000d9d00000)
 PSPermGen       total 236032K, used 122890K [0x00000000b0000000, 0x00000000be680000, 0x00000000c0000000)
  object space 236032K, 52% used [0x00000000b0000000,0x00000000b7802908,0x00000000be680000)
Event: 86,160 GC heap after
Heap after GC invocations=50 (full 2):
 PSYoungGen      total 286208K, used 16445K [0x00000000eaa80000, 0x00000000ff600000, 0x0000000100000000)
  eden space 240128K, 0% used [0x00000000eaa80000,0x00000000eaa80000,0x00000000f9500000)
  from space 46080K, 35% used [0x00000000fc900000,0x00000000fd90f7d0,0x00000000ff600000)
  to   space 49664K, 0% used [0x00000000f9500000,0x00000000f9500000,0x00000000fc580000)
 ParOldGen       total 422912K, used 234588K [0x00000000c0000000, 0x00000000d9d00000, 0x00000000eaa80000)
  object space 422912K, 55% used [0x00000000c0000000,0x00000000ce517368,0x00000000d9d00000)
 PSPermGen       total 236032K, used 122890K [0x00000000b0000000, 0x00000000be680000, 0x00000000c0000000)
  object space 236032K, 52% used [0x00000000b0000000,0x00000000b7802908,0x00000000be680000)
}

